<?xml version="1.0" encoding="UTF-8"?>
<!-- Generated by org.testng.reporters.JUnitReportReporter -->
<testsuite hostname="ASUS" name="testcase.LoginPage" tests="1" failures="0" timestamp="30 May 2018 08:43:06 GMT" time="31.868" errors="0">
  <testcase name="login" time="31.868" classname="testcase.LoginPage"/>
</testsuite> <!-- testcase.LoginPage -->
